This file contains any messages produced by compilers while
running configure, to aid debugging if configure makes a mistake.

It was created by Roman configure 0.1, which was
generated by GNU Autoconf 2.69.  Invocation command line was

  $ ./configure --no-create --no-recursion

## --------- ##
## Platform. ##
## --------- ##

hostname = alok-VGN-CR510E
uname -m = i686
uname -r = 3.19.0-66-generic
uname -s = Linux
uname -v = #74~14.04.1-Ubuntu SMP Tue Jul 19 19:56:23 UTC 2016

/usr/bin/uname -p = unknown
/bin/uname -X     = unknown

/bin/arch              = unknown
/usr/bin/arch -k       = unknown
/usr/convex/getsysinfo = unknown
/usr/bin/hostinfo      = unknown
/bin/machine           = unknown
/usr/bin/oslevel       = unknown
/bin/universe          = unknown

PATH: /usr/local/sbin
PATH: /usr/local/bin
PATH: /usr/sbin
PATH: /usr/bin
PATH: /sbin
PATH: /bin
PATH: /usr/games
PATH: /usr/local/games


## ----------- ##
## Core tests. ##
## ----------- ##

configure:2281: checking for pkg-config
configure:2299: found /usr/bin/pkg-config
configure:2311: result: /usr/bin/pkg-config
configure:2336: checking pkg-config is at least version 0.9.0
configure:2339: result: yes
configure:2349: checking for CHECK
configure:2356: $PKG_CONFIG --exists --print-errors "check >= 0.9.6"
configure:2359: $? = 0
configure:2373: $PKG_CONFIG --exists --print-errors "check >= 0.9.6"
configure:2376: $? = 0
configure:2434: result: yes
configure:2490: checking for gcc
configure:2506: found /usr/bin/gcc
configure:2517: result: gcc
configure:2746: checking for C compiler version
configure:2755: gcc --version >&5
gcc (Ubuntu 4.8.4-2ubuntu1~14.04.3) 4.8.4
Copyright (C) 2013 Free Software Foundation, Inc.
This is free software; see the source for copying conditions.  There is NO
warranty; not even for MERCHANTABILITY or FITNESS FOR A PARTICULAR PURPOSE.

configure:2766: $? = 0
configure:2755: gcc -v >&5
Using built-in specs.
COLLECT_GCC=gcc
COLLECT_LTO_WRAPPER=/usr/lib/gcc/i686-linux-gnu/4.8/lto-wrapper
Target: i686-linux-gnu
Configured with: ../src/configure -v --with-pkgversion='Ubuntu 4.8.4-2ubuntu1~14.04.3' --with-bugurl=file:///usr/share/doc/gcc-4.8/README.Bugs --enable-languages=c,c++,java,go,d,fortran,objc,obj-c++ --prefix=/usr --program-suffix=-4.8 --enable-shared --enable-linker-build-id --libexecdir=/usr/lib --without-included-gettext --enable-threads=posix --with-gxx-include-dir=/usr/include/c++/4.8 --libdir=/usr/lib --enable-nls --with-sysroot=/ --enable-clocale=gnu --enable-libstdcxx-debug --enable-libstdcxx-time=yes --enable-gnu-unique-object --disable-libmudflap --enable-plugin --with-system-zlib --disable-browser-plugin --enable-java-awt=gtk --enable-gtk-cairo --with-java-home=/usr/lib/jvm/java-1.5.0-gcj-4.8-i386/jre --enable-java-home --with-jvm-root-dir=/usr/lib/jvm/java-1.5.0-gcj-4.8-i386 --with-jvm-jar-dir=/usr/lib/jvm-exports/java-1.5.0-gcj-4.8-i386 --with-arch-directory=i386 --with-ecj-jar=/usr/share/java/eclipse-ecj.jar --enable-objc-gc --enable-targets=all --enable-multiarch --disable-werror --with-arch-32=i686 --with-multilib-list=m32,m64,mx32 --with-tune=generic --enable-checking=release --build=i686-linux-gnu --host=i686-linux-gnu --target=i686-linux-gnu
Thread model: posix
gcc version 4.8.4 (Ubuntu 4.8.4-2ubuntu1~14.04.3) 
configure:2766: $? = 0
configure:2755: gcc -V >&5
gcc: error: unrecognized command line option '-V'
gcc: fatal error: no input files
compilation terminated.
configure:2766: $? = 4
configure:2755: gcc -qversion >&5
gcc: error: unrecognized command line option '-qversion'
gcc: fatal error: no input files
compilation terminated.
configure:2766: $? = 4
configure:2786: checking whether the C compiler works
configure:2808: gcc    conftest.c  >&5
configure:2812: $? = 0
configure:2860: result: yes
configure:2863: checking for C compiler default output file name
configure:2865: result: a.out
configure:2871: checking for suffix of executables
configure:2878: gcc -o conftest    conftest.c  >&5
configure:2882: $? = 0
configure:2904: result: 
configure:2926: checking whether we are cross compiling
configure:2934: gcc -o conftest    conftest.c  >&5
configure:2938: $? = 0
configure:2945: ./conftest
configure:2949: $? = 0
configure:2964: result: no
configure:2969: checking for suffix of object files
configure:2991: gcc -c   conftest.c >&5
configure:2995: $? = 0
configure:3016: result: o
configure:3020: checking whether we are using the GNU C compiler
configure:3039: gcc -c   conftest.c >&5
configure:3039: $? = 0
configure:3048: result: yes
configure:3057: checking whether gcc accepts -g
configure:3077: gcc -c -g  conftest.c >&5
configure:3077: $? = 0
configure:3118: result: yes
configure:3135: checking for gcc option to accept ISO C89
configure:3198: gcc  -c -g -O2  conftest.c >&5
configure:3198: $? = 0
configure:3211: result: none needed
configure:3236: checking whether gcc understands -c and -o together
configure:3258: gcc -c conftest.c -o conftest2.o
configure:3261: $? = 0
configure:3258: gcc -c conftest.c -o conftest2.o
configure:3261: $? = 0
configure:3273: result: yes
configure:3340: checking for ar
configure:3356: found /usr/bin/ar
configure:3367: result: ar
configure:3393: checking the archiver (ar) interface
configure:3409: gcc -c -g -O2  conftest.c >&5
configure:3409: $? = 0
configure:3411: ar cru libconftest.a conftest.o >&5
configure:3414: $? = 0
configure:3442: result: ar
configure:3464: checking for floor in -lm
configure:3489: gcc -o conftest -g -O2   conftest.c -lm   >&5
conftest.c:16:6: warning: conflicting types for built-in function 'floor' [enabled by default]
 char floor ();
      ^
configure:3489: $? = 0
configure:3498: result: yes
configure:3509: checking for setitimer in -lrt
configure:3534: gcc -o conftest -g -O2   conftest.c -lrt  -lm  >&5
configure:3534: $? = 0
configure:3543: result: yes
configure:3554: checking for pthread_create in -lpthread
configure:3579: gcc -o conftest -g -O2   conftest.c -lpthread  -lrt -lm  >&5
configure:3579: $? = 0
configure:3588: result: yes
configure:3652: checking for a BSD-compatible install
configure:3720: result: /usr/bin/install -c
configure:3731: checking whether build environment is sane
configure:3786: result: yes
configure:3821: WARNING: 'missing' script is too old or missing
configure:3934: checking for a thread-safe mkdir -p
configure:3973: result: /bin/mkdir -p
configure:3980: checking for gawk
configure:4010: result: no
configure:3980: checking for mawk
configure:3996: found /usr/bin/mawk
configure:4007: result: mawk
configure:4018: checking whether make sets $(MAKE)
configure:4040: result: yes
configure:4070: checking for style of include used by make
configure:4098: result: GNU
configure:4132: checking whether make supports nested variables
configure:4149: result: yes
configure:4234: checking dependency style of gcc
configure:4345: result: gcc3
configure:4452: checking for gcc
configure:4479: result: gcc
configure:4708: checking for C compiler version
configure:4717: gcc --version >&5
gcc (Ubuntu 4.8.4-2ubuntu1~14.04.3) 4.8.4
Copyright (C) 2013 Free Software Foundation, Inc.
This is free software; see the source for copying conditions.  There is NO
warranty; not even for MERCHANTABILITY or FITNESS FOR A PARTICULAR PURPOSE.

configure:4728: $? = 0
configure:4717: gcc -v >&5
Using built-in specs.
COLLECT_GCC=gcc
COLLECT_LTO_WRAPPER=/usr/lib/gcc/i686-linux-gnu/4.8/lto-wrapper
Target: i686-linux-gnu
Configured with: ../src/configure -v --with-pkgversion='Ubuntu 4.8.4-2ubuntu1~14.04.3' --with-bugurl=file:///usr/share/doc/gcc-4.8/README.Bugs --enable-languages=c,c++,java,go,d,fortran,objc,obj-c++ --prefix=/usr --program-suffix=-4.8 --enable-shared --enable-linker-build-id --libexecdir=/usr/lib --without-included-gettext --enable-threads=posix --with-gxx-include-dir=/usr/include/c++/4.8 --libdir=/usr/lib --enable-nls --with-sysroot=/ --enable-clocale=gnu --enable-libstdcxx-debug --enable-libstdcxx-time=yes --enable-gnu-unique-object --disable-libmudflap --enable-plugin --with-system-zlib --disable-browser-plugin --enable-java-awt=gtk --enable-gtk-cairo --with-java-home=/usr/lib/jvm/java-1.5.0-gcj-4.8-i386/jre --enable-java-home --with-jvm-root-dir=/usr/lib/jvm/java-1.5.0-gcj-4.8-i386 --with-jvm-jar-dir=/usr/lib/jvm-exports/java-1.5.0-gcj-4.8-i386 --with-arch-directory=i386 --with-ecj-jar=/usr/share/java/eclipse-ecj.jar --enable-objc-gc --enable-targets=all --enable-multiarch --disable-werror --with-arch-32=i686 --with-multilib-list=m32,m64,mx32 --with-tune=generic --enable-checking=release --build=i686-linux-gnu --host=i686-linux-gnu --target=i686-linux-gnu
Thread model: posix
gcc version 4.8.4 (Ubuntu 4.8.4-2ubuntu1~14.04.3) 
configure:4728: $? = 0
configure:4717: gcc -V >&5
gcc: error: unrecognized command line option '-V'
gcc: fatal error: no input files
compilation terminated.
configure:4728: $? = 4
configure:4717: gcc -qversion >&5
gcc: error: unrecognized command line option '-qversion'
gcc: fatal error: no input files
compilation terminated.
configure:4728: $? = 4
configure:4732: checking whether we are using the GNU C compiler
configure:4760: result: yes
configure:4769: checking whether gcc accepts -g
configure:4830: result: yes
configure:4847: checking for gcc option to accept ISO C89
configure:4923: result: none needed
configure:4948: checking whether gcc understands -c and -o together
configure:4985: result: yes
configure:5031: checking build system type
configure:5045: result: i686-pc-linux-gnu
configure:5065: checking host system type
configure:5078: result: i686-pc-linux-gnu
configure:5119: checking how to print strings
configure:5146: result: printf
configure:5167: checking for a sed that does not truncate output
configure:5231: result: /bin/sed
configure:5249: checking for grep that handles long lines and -e
configure:5307: result: /bin/grep
configure:5312: checking for egrep
configure:5374: result: /bin/grep -E
configure:5379: checking for fgrep
configure:5441: result: /bin/grep -F
configure:5476: checking for ld used by gcc
configure:5543: result: /usr/bin/ld
configure:5550: checking if the linker (/usr/bin/ld) is GNU ld
configure:5565: result: yes
configure:5577: checking for BSD- or MS-compatible name lister (nm)
configure:5626: result: /usr/bin/nm -B
configure:5756: checking the name lister (/usr/bin/nm -B) interface
configure:5763: gcc -c -g -O2  conftest.c >&5
configure:5766: /usr/bin/nm -B "conftest.o"
configure:5769: output
00000000 B some_variable
configure:5776: result: BSD nm
configure:5779: checking whether ln -s works
configure:5783: result: yes
configure:5791: checking the maximum length of command line arguments
configure:5922: result: 805306365
configure:5939: checking whether the shell understands some XSI constructs
configure:5949: result: yes
configure:5953: checking whether the shell understands "+="
configure:5959: result: yes
configure:5994: checking how to convert i686-pc-linux-gnu file names to i686-pc-linux-gnu format
configure:6034: result: func_convert_file_noop
configure:6041: checking how to convert i686-pc-linux-gnu file names to toolchain format
configure:6061: result: func_convert_file_noop
configure:6068: checking for /usr/bin/ld option to reload object files
configure:6075: result: -r
configure:6149: checking for objdump
configure:6165: found /usr/bin/objdump
configure:6176: result: objdump
configure:6208: checking how to recognize dependent libraries
configure:6406: result: pass_all
configure:6491: checking for dlltool
configure:6521: result: no
configure:6551: checking how to associate runtime and link libraries
configure:6578: result: printf %s\n
configure:6702: checking for archiver @FILE support
configure:6719: gcc -c -g -O2  conftest.c >&5
configure:6719: $? = 0
configure:6722: ar cru libconftest.a @conftest.lst >&5
configure:6725: $? = 0
configure:6730: ar cru libconftest.a @conftest.lst >&5
ar: conftest.o: No such file or directory
configure:6733: $? = 1
configure:6745: result: @
configure:6803: checking for strip
configure:6819: found /usr/bin/strip
configure:6830: result: strip
configure:6902: checking for ranlib
configure:6918: found /usr/bin/ranlib
configure:6929: result: ranlib
configure:7031: checking command to parse /usr/bin/nm -B output from gcc object
configure:7151: gcc -c -g -O2  conftest.c >&5
configure:7154: $? = 0
configure:7158: /usr/bin/nm -B conftest.o \| sed -n -e 's/^.*[ ]\([ABCDGIRSTW][ABCDGIRSTW]*\)[ ][ ]*\([_A-Za-z][_A-Za-z0-9]*\)$/\1 \2 \2/p' | sed '/ __gnu_lto/d' \> conftest.nm
configure:7161: $? = 0
configure:7227: gcc -o conftest -g -O2   conftest.c conftstm.o >&5
configure:7230: $? = 0
configure:7268: result: ok
configure:7305: checking for sysroot
configure:7335: result: no
configure:7604: checking for mt
configure:7620: found /bin/mt
configure:7631: result: mt
configure:7654: checking if mt is a manifest tool
configure:7660: mt '-?'
configure:7668: result: no
configure:8310: checking how to run the C preprocessor
configure:8341: gcc -E  conftest.c
configure:8341: $? = 0
configure:8355: gcc -E  conftest.c
conftest.c:14:28: fatal error: ac_nonexistent.h: No such file or directory
 #include <ac_nonexistent.h>
                            ^
compilation terminated.
configure:8355: $? = 1
configure: failed program was:
| /* confdefs.h */
| #define PACKAGE_NAME "Roman"
| #define PACKAGE_TARNAME "roman"
| #define PACKAGE_VERSION "0.1"
| #define PACKAGE_STRING "Roman 0.1"
| #define PACKAGE_BUGREPORT "check-devel AT lists.sourceforge.net"
| #define PACKAGE_URL ""
| #define HAVE_LIBM 1
| #define HAVE_LIBRT 1
| #define HAVE_LIBPTHREAD 1
| #define PACKAGE "roman"
| #define VERSION "0.1"
| /* end confdefs.h.  */
| #include <ac_nonexistent.h>
configure:8380: result: gcc -E
configure:8400: gcc -E  conftest.c
configure:8400: $? = 0
configure:8414: gcc -E  conftest.c
conftest.c:14:28: fatal error: ac_nonexistent.h: No such file or directory
 #include <ac_nonexistent.h>
                            ^
compilation terminated.
configure:8414: $? = 1
configure: failed program was:
| /* confdefs.h */
| #define PACKAGE_NAME "Roman"
| #define PACKAGE_TARNAME "roman"
| #define PACKAGE_VERSION "0.1"
| #define PACKAGE_STRING "Roman 0.1"
| #define PACKAGE_BUGREPORT "check-devel AT lists.sourceforge.net"
| #define PACKAGE_URL ""
| #define HAVE_LIBM 1
| #define HAVE_LIBRT 1
| #define HAVE_LIBPTHREAD 1
| #define PACKAGE "roman"
| #define VERSION "0.1"
| /* end confdefs.h.  */
| #include <ac_nonexistent.h>
configure:8443: checking for ANSI C header files
configure:8463: gcc -c -g -O2  conftest.c >&5
configure:8463: $? = 0
configure:8536: gcc -o conftest -g -O2   conftest.c -lpthread -lrt -lm  >&5
configure:8536: $? = 0
configure:8536: ./conftest
configure:8536: $? = 0
configure:8547: result: yes
configure:8560: checking for sys/types.h
configure:8560: gcc -c -g -O2  conftest.c >&5
configure:8560: $? = 0
configure:8560: result: yes
configure:8560: checking for sys/stat.h
configure:8560: gcc -c -g -O2  conftest.c >&5
configure:8560: $? = 0
configure:8560: result: yes
configure:8560: checking for stdlib.h
configure:8560: gcc -c -g -O2  conftest.c >&5
configure:8560: $? = 0
configure:8560: result: yes
configure:8560: checking for string.h
configure:8560: gcc -c -g -O2  conftest.c >&5
configure:8560: $? = 0
configure:8560: result: yes
configure:8560: checking for memory.h
configure:8560: gcc -c -g -O2  conftest.c >&5
configure:8560: $? = 0
configure:8560: result: yes
configure:8560: checking for strings.h
configure:8560: gcc -c -g -O2  conftest.c >&5
configure:8560: $? = 0
configure:8560: result: yes
configure:8560: checking for inttypes.h
configure:8560: gcc -c -g -O2  conftest.c >&5
configure:8560: $? = 0
configure:8560: result: yes
configure:8560: checking for stdint.h
configure:8560: gcc -c -g -O2  conftest.c >&5
configure:8560: $? = 0
configure:8560: result: yes
configure:8560: checking for unistd.h
configure:8560: gcc -c -g -O2  conftest.c >&5
configure:8560: $? = 0
configure:8560: result: yes
configure:8574: checking for dlfcn.h
configure:8574: gcc -c -g -O2  conftest.c >&5
configure:8574: $? = 0
configure:8574: result: yes
configure:8780: checking for objdir
configure:8795: result: .libs
configure:9066: checking if gcc supports -fno-rtti -fno-exceptions
configure:9084: gcc -c -g -O2  -fno-rtti -fno-exceptions conftest.c >&5
cc1: warning: command line option '-fno-rtti' is valid for C++/ObjC++ but not for C [enabled by default]
configure:9088: $? = 0
configure:9101: result: no
configure:9428: checking for gcc option to produce PIC
configure:9435: result: -fPIC -DPIC
configure:9443: checking if gcc PIC flag -fPIC -DPIC works
configure:9461: gcc -c -g -O2  -fPIC -DPIC -DPIC conftest.c >&5
configure:9465: $? = 0
configure:9478: result: yes
configure:9507: checking if gcc static flag -static works
configure:9535: result: yes
configure:9550: checking if gcc supports -c -o file.o
configure:9571: gcc -c -g -O2  -o out/conftest2.o conftest.c >&5
configure:9575: $? = 0
configure:9597: result: yes
configure:9605: checking if gcc supports -c -o file.o
configure:9652: result: yes
configure:9685: checking whether the gcc linker (/usr/bin/ld) supports shared libraries
configure:10842: result: yes
configure:10879: checking whether -lc should be explicitly linked in
configure:10887: gcc -c -g -O2  conftest.c >&5
configure:10890: $? = 0
configure:10905: gcc -shared  -fPIC -DPIC conftest.o  -v -Wl,-soname -Wl,conftest -o conftest 2\>\&1 \| /bin/grep  -lc  \>/dev/null 2\>\&1
configure:10908: $? = 0
configure:10922: result: no
configure:11082: checking dynamic linker characteristics
configure:11582: gcc -o conftest -g -O2   -Wl,-rpath -Wl,/foo conftest.c -lpthread -lrt -lm  >&5
configure:11582: $? = 0
configure:11816: result: GNU/Linux ld.so
configure:11923: checking how to hardcode library paths into programs
configure:11948: result: immediate
configure:12488: checking whether stripping libraries is possible
configure:12493: result: yes
configure:12528: checking if libtool supports shared libraries
configure:12530: result: yes
configure:12533: checking whether to build shared libraries
configure:12554: result: yes
configure:12557: checking whether to build static libraries
configure:12561: result: yes
configure:12607: WARNING: AM_PATH_CHECK() is deprecated
configure:12609: WARNING: use PKG_CHECK_MODULES([CHECK], [check >= 0.9.4]) instead
configure:12620: checking for check - version >= 0.8.2
configure:12695: gcc -c -g -O2   conftest.c >&5
conftest.c: In function 'main':
conftest.c:66:10: warning: ignoring return value of 'system', declared with attribute warn_unused_result [-Wunused-result]
   system ("touch conf.check-test");
          ^
configure:12695: $? = 0
configure:12706: result: yes
configure:12770: checking for ANSI C header files
configure:12874: result: yes
configure:12884: checking for stdlib.h
configure:12884: result: yes
configure:12900: checking for stdlib.h
configure:12900: result: yes
configure:12910: checking for GNU libc compatible malloc
configure:12934: gcc -o conftest -g -O2   conftest.c -lpthread -lrt -lm  >&5
configure:12934: $? = 0
configure:12934: ./conftest
configure:12934: $? = 0
configure:12944: result: yes
configure:13082: checking that generated files are newer than configure
configure:13088: result: done
configure:13111: creating ./config.status

## ---------------- ##
## Cache variables. ##
## ---------------- ##

ac_cv_build=i686-pc-linux-gnu
ac_cv_c_compiler_gnu=yes
ac_cv_env_CC_set=
ac_cv_env_CC_value=
ac_cv_env_CFLAGS_set=
ac_cv_env_CFLAGS_value=
ac_cv_env_CHECK_CFLAGS_set=
ac_cv_env_CHECK_CFLAGS_value=
ac_cv_env_CHECK_LIBS_set=
ac_cv_env_CHECK_LIBS_value=
ac_cv_env_CPPFLAGS_set=
ac_cv_env_CPPFLAGS_value=
ac_cv_env_CPP_set=
ac_cv_env_CPP_value=
ac_cv_env_LDFLAGS_set=
ac_cv_env_LDFLAGS_value=
ac_cv_env_LIBS_set=
ac_cv_env_LIBS_value=
ac_cv_env_PKG_CONFIG_LIBDIR_set=
ac_cv_env_PKG_CONFIG_LIBDIR_value=
ac_cv_env_PKG_CONFIG_PATH_set=
ac_cv_env_PKG_CONFIG_PATH_value=
ac_cv_env_PKG_CONFIG_set=
ac_cv_env_PKG_CONFIG_value=
ac_cv_env_build_alias_set=
ac_cv_env_build_alias_value=
ac_cv_env_host_alias_set=
ac_cv_env_host_alias_value=
ac_cv_env_target_alias_set=
ac_cv_env_target_alias_value=
ac_cv_func_malloc_0_nonnull=yes
ac_cv_header_dlfcn_h=yes
ac_cv_header_inttypes_h=yes
ac_cv_header_memory_h=yes
ac_cv_header_stdc=yes
ac_cv_header_stdint_h=yes
ac_cv_header_stdlib_h=yes
ac_cv_header_string_h=yes
ac_cv_header_strings_h=yes
ac_cv_header_sys_stat_h=yes
ac_cv_header_sys_types_h=yes
ac_cv_header_unistd_h=yes
ac_cv_host=i686-pc-linux-gnu
ac_cv_lib_m_floor=yes
ac_cv_lib_pthread_pthread_create=yes
ac_cv_lib_rt_setitimer=yes
ac_cv_objext=o
ac_cv_path_EGREP='/bin/grep -E'
ac_cv_path_FGREP='/bin/grep -F'
ac_cv_path_GREP=/bin/grep
ac_cv_path_SED=/bin/sed
ac_cv_path_ac_pt_PKG_CONFIG=/usr/bin/pkg-config
ac_cv_path_install='/usr/bin/install -c'
ac_cv_path_mkdir=/bin/mkdir
ac_cv_prog_AWK=mawk
ac_cv_prog_CPP='gcc -E'
ac_cv_prog_ac_ct_AR=ar
ac_cv_prog_ac_ct_CC=gcc
ac_cv_prog_ac_ct_MANIFEST_TOOL=mt
ac_cv_prog_ac_ct_OBJDUMP=objdump
ac_cv_prog_ac_ct_RANLIB=ranlib
ac_cv_prog_ac_ct_STRIP=strip
ac_cv_prog_cc_c89=
ac_cv_prog_cc_g=yes
ac_cv_prog_make_make_set=yes
am_cv_CC_dependencies_compiler_type=gcc3
am_cv_ar_interface=ar
am_cv_make_support_nested_variables=yes
am_cv_prog_cc_c_o=yes
lt_cv_ar_at_file=@
lt_cv_archive_cmds_need_lc=no
lt_cv_deplibs_check_method=pass_all
lt_cv_file_magic_cmd='$MAGIC_CMD'
lt_cv_file_magic_test_file=
lt_cv_ld_reload_flag=-r
lt_cv_nm_interface='BSD nm'
lt_cv_objdir=.libs
lt_cv_path_LD=/usr/bin/ld
lt_cv_path_NM='/usr/bin/nm -B'
lt_cv_path_mainfest_tool=no
lt_cv_prog_compiler_c_o=yes
lt_cv_prog_compiler_pic='-fPIC -DPIC'
lt_cv_prog_compiler_pic_works=yes
lt_cv_prog_compiler_rtti_exceptions=no
lt_cv_prog_compiler_static_works=yes
lt_cv_prog_gnu_ld=yes
lt_cv_sharedlib_from_linklib_cmd='printf %s\n'
lt_cv_shlibpath_overrides_runpath=no
lt_cv_sys_global_symbol_pipe='sed -n -e '\''s/^.*[	 ]\([ABCDGIRSTW][ABCDGIRSTW]*\)[	 ][	 ]*\([_A-Za-z][_A-Za-z0-9]*\)$/\1 \2 \2/p'\'' | sed '\''/ __gnu_lto/d'\'''
lt_cv_sys_global_symbol_to_c_name_address='sed -n -e '\''s/^: \([^ ]*\)[ ]*$/  {\"\1\", (void *) 0},/p'\'' -e '\''s/^[ABCDGIRSTW]* \([^ ]*\) \([^ ]*\)$/  {"\2", (void *) \&\2},/p'\'''
lt_cv_sys_global_symbol_to_c_name_address_lib_prefix='sed -n -e '\''s/^: \([^ ]*\)[ ]*$/  {\"\1\", (void *) 0},/p'\'' -e '\''s/^[ABCDGIRSTW]* \([^ ]*\) \(lib[^ ]*\)$/  {"\2", (void *) \&\2},/p'\'' -e '\''s/^[ABCDGIRSTW]* \([^ ]*\) \([^ ]*\)$/  {"lib\2", (void *) \&\2},/p'\'''
lt_cv_sys_global_symbol_to_cdecl='sed -n -e '\''s/^T .* \(.*\)$/extern int \1();/p'\'' -e '\''s/^[ABCDGIRSTW]* .* \(.*\)$/extern char \1;/p'\'''
lt_cv_sys_max_cmd_len=805306365
lt_cv_to_host_file_cmd=func_convert_file_noop
lt_cv_to_tool_file_cmd=func_convert_file_noop
pkg_cv_CHECK_CFLAGS='-pthread  '
pkg_cv_CHECK_LIBS='-pthread -lcheck_pic -lrt -lm  '

## ----------------- ##
## Output variables. ##
## ----------------- ##

ACLOCAL='aclocal-1.14'
AMDEPBACKSLASH='\'
AMDEP_FALSE='#'
AMDEP_TRUE=''
AMTAR='$${TAR-tar}'
AM_BACKSLASH='\'
AM_DEFAULT_V='$(AM_DEFAULT_VERBOSITY)'
AM_DEFAULT_VERBOSITY='1'
AM_V='$(V)'
AR='ar'
AUTOCONF='autoconf'
AUTOHEADER='autoheader'
AUTOMAKE='automake-1.14'
AWK='mawk'
CC='gcc'
CCDEPMODE='depmode=gcc3'
CFLAGS='-g -O2'
CHECK_CFLAGS=''
CHECK_LIBS='-lcheck'
CPP='gcc -E'
CPPFLAGS=''
CYGPATH_W='echo'
DEFS='-DHAVE_CONFIG_H'
DEPDIR='.deps'
DLLTOOL='false'
DSYMUTIL=''
DUMPBIN=''
ECHO_C=''
ECHO_N='-n'
ECHO_T=''
EGREP='/bin/grep -E'
EXEEXT=''
FGREP='/bin/grep -F'
GREP='/bin/grep'
INSTALL_DATA='${INSTALL} -m 644'
INSTALL_PROGRAM='${INSTALL}'
INSTALL_SCRIPT='${INSTALL}'
INSTALL_STRIP_PROGRAM='$(install_sh) -c -s'
LD='/usr/bin/ld'
LDFLAGS=''
LIBOBJS=''
LIBS='-lpthread -lrt -lm '
LIBTOOL='$(SHELL) $(top_builddir)/libtool'
LIPO=''
LN_S='ln -s'
LTLIBOBJS=''
MAKEINFO='makeinfo'
MANIFEST_TOOL=':'
MKDIR_P='/bin/mkdir -p'
NM='/usr/bin/nm -B'
NMEDIT=''
OBJDUMP='objdump'
OBJEXT='o'
OTOOL64=''
OTOOL=''
PACKAGE='roman'
PACKAGE_BUGREPORT='check-devel AT lists.sourceforge.net'
PACKAGE_NAME='Roman'
PACKAGE_STRING='Roman 0.1'
PACKAGE_TARNAME='roman'
PACKAGE_URL=''
PACKAGE_VERSION='0.1'
PATH_SEPARATOR=':'
PKG_CONFIG='/usr/bin/pkg-config'
PKG_CONFIG_LIBDIR=''
PKG_CONFIG_PATH=''
RANLIB='ranlib'
SED='/bin/sed'
SET_MAKE=''
SHELL='/bin/bash'
STRIP='strip'
VERSION='0.1'
ac_ct_AR='ar'
ac_ct_CC='gcc'
ac_ct_DUMPBIN=''
am__EXEEXT_FALSE=''
am__EXEEXT_TRUE='#'
am__fastdepCC_FALSE='#'
am__fastdepCC_TRUE=''
am__include='include'
am__isrc=''
am__leading_dot='.'
am__nodep='_no'
am__quote=''
am__tar='$${TAR-tar} chof - "$$tardir"'
am__untar='$${TAR-tar} xf -'
bindir='${exec_prefix}/bin'
build='i686-pc-linux-gnu'
build_alias=''
build_cpu='i686'
build_os='linux-gnu'
build_vendor='pc'
datadir='${datarootdir}'
datarootdir='${prefix}/share'
docdir='${datarootdir}/doc/${PACKAGE_TARNAME}'
dvidir='${docdir}'
exec_prefix='${prefix}'
host='i686-pc-linux-gnu'
host_alias=''
host_cpu='i686'
host_os='linux-gnu'
host_vendor='pc'
htmldir='${docdir}'
includedir='${prefix}/include'
infodir='${datarootdir}/info'
install_sh='${SHELL} /home/alok/install-sh'
libdir='${exec_prefix}/lib'
libexecdir='${exec_prefix}/libexec'
localedir='${datarootdir}/locale'
localstatedir='${prefix}/var'
mandir='${datarootdir}/man'
mkdir_p='$(MKDIR_P)'
oldincludedir='/usr/include'
pdfdir='${docdir}'
prefix='/usr/local'
program_transform_name='s,x,x,'
psdir='${docdir}'
sbindir='${exec_prefix}/sbin'
sharedstatedir='${prefix}/com'
sysconfdir='${prefix}/etc'
target_alias=''

## ----------- ##
## confdefs.h. ##
## ----------- ##

/* confdefs.h */
#define PACKAGE_NAME "Roman"
#define PACKAGE_TARNAME "roman"
#define PACKAGE_VERSION "0.1"
#define PACKAGE_STRING "Roman 0.1"
#define PACKAGE_BUGREPORT "check-devel AT lists.sourceforge.net"
#define PACKAGE_URL ""
#define HAVE_LIBM 1
#define HAVE_LIBRT 1
#define HAVE_LIBPTHREAD 1
#define PACKAGE "roman"
#define VERSION "0.1"
#define STDC_HEADERS 1
#define HAVE_SYS_TYPES_H 1
#define HAVE_SYS_STAT_H 1
#define HAVE_STDLIB_H 1
#define HAVE_STRING_H 1
#define HAVE_MEMORY_H 1
#define HAVE_STRINGS_H 1
#define HAVE_INTTYPES_H 1
#define HAVE_STDINT_H 1
#define HAVE_UNISTD_H 1
#define HAVE_DLFCN_H 1
#define LT_OBJDIR ".libs/"
#define STDC_HEADERS 1
#define HAVE_STDLIB_H 1
#define HAVE_STDLIB_H 1
#define HAVE_MALLOC 1

configure: exit 0

## ---------------------- ##
## Running config.status. ##
## ---------------------- ##

This file was extended by Roman config.status 0.1, which was
generated by GNU Autoconf 2.69.  Invocation command line was

  CONFIG_FILES    = 
  CONFIG_HEADERS  = 
  CONFIG_LINKS    = 
  CONFIG_COMMANDS = 
  $ ./config.status 

on alok-VGN-CR510E

config.status:1094: creating Makefile
config.status:1094: creating src/Makefile
config.status:1094: creating tests/Makefile
config.status:1094: creating config.h
config.status:1323: executing depfiles commands
config.status:1323: executing libtool commands

## ---------------------- ##
## Running config.status. ##
## ---------------------- ##

This file was extended by Roman config.status 0.1, which was
generated by GNU Autoconf 2.69.  Invocation command line was

  CONFIG_FILES    = 
  CONFIG_HEADERS  = 
  CONFIG_LINKS    = 
  CONFIG_COMMANDS = 
  $ ./config.status config.h

on alok-VGN-CR510E

config.status:1094: creating config.h
config.status:1275: config.h is unchanged
